Release 13.4 - xst O.87xd (nt)
Copyright (c) 1995-2011 Xilinx, Inc.  All rights reserved.
--> Parameter TMPDIR set to xst/projnav.tmp


Total REAL time to Xst completion: 0.00 secs
Total CPU time to Xst completion: 0.09 secs
 
--> Parameter xsthdpdir set to xst


Total REAL time to Xst completion: 0.00 secs
Total CPU time to Xst completion: 0.09 secs
 
--> Reading design: elephent.prj

TABLE OF CONTENTS
  1) Synthesis Options Summary
  2) HDL Compilation
  3) Design Hierarchy Analysis
  4) HDL Analysis
  5) HDL Synthesis
     5.1) HDL Synthesis Report
  6) Advanced HDL Synthesis
     6.1) Advanced HDL Synthesis Report
  7) Low Level Synthesis
  8) Partition Report
  9) Final Report
	9.1) Device utilization summary
	9.2) Partition Resource Summary
	9.3) TIMING REPORT


=========================================================================
*                      Synthesis Options Summary                        *
=========================================================================
---- Source Parameters
Input File Name                    : "elephent.prj"
Input Format                       : mixed
Ignore Synthesis Constraint File   : NO

---- Target Parameters
Output File Name                   : "elephent"
Output Format                      : NGC
Target Device                      : xc3s200-4-tq144

---- Source Options
Top Module Name                    : elephent
Automatic FSM Extraction           : YES
FSM Encoding Algorithm             : Auto
Safe Implementation                : No
FSM Style                          : LUT
RAM Extraction                     : Yes
RAM Style                          : Auto
ROM Extraction                     : Yes
Mux Style                          : Auto
Decoder Extraction                 : YES
Priority Encoder Extraction        : Yes
Shift Register Extraction          : YES
Logical Shifter Extraction         : YES
XOR Collapsing                     : YES
ROM Style                          : Auto
Mux Extraction                     : Yes
Resource Sharing                   : YES
Asynchronous To Synchronous        : NO
Multiplier Style                   : Auto
Automatic Register Balancing       : No

---- Target Options
Add IO Buffers                     : YES
Global Maximum Fanout              : 500
Add Generic Clock Buffer(BUFG)     : 8
Register Duplication               : YES
Slice Packing                      : YES
Optimize Instantiated Primitives   : NO
Use Clock Enable                   : Yes
Use Synchronous Set                : Yes
Use Synchronous Reset              : Yes
Pack IO Registers into IOBs        : Auto
Equivalent register Removal        : YES

---- General Options
Optimization Goal                  : Speed
Optimization Effort                : 1
Keep Hierarchy                     : No
Netlist Hierarchy                  : As_Optimized
RTL Output                         : Yes
Global Optimization                : AllClockNets
Read Cores                         : YES
Write Timing Constraints           : NO
Cross Clock Analysis               : NO
Hierarchy Separator                : /
Bus Delimiter                      : <>
Case Specifier                     : Maintain
Slice Utilization Ratio            : 100
BRAM Utilization Ratio             : 100
Verilog 2001                       : YES
Auto BRAM Packing                  : NO
Slice Utilization Ratio Delta      : 5

=========================================================================


=========================================================================
*                          HDL Compilation                              *
=========================================================================
Compiling verilog file "elephent.v" in library work
Module <elephent> compiled
No errors in compilation
Analysis of file <"elephent.prj"> succeeded.
 

=========================================================================
*                     Design Hierarchy Analysis                         *
=========================================================================
Analyzing hierarchy for module <elephent> in library <work> with parameters.
	doo = "00000000000000001011101001011101"
	fa = "00000000000000001000101111101000"
	la = "00000000000000000110111011111001"
	mi = "00000000000000001001001111110110"
	re = "00000000000000001010011000010101"
	si = "00000000000000000110001011010111"
	sol = "00000000000000000111110010001111"


=========================================================================
*                            HDL Analysis                               *
=========================================================================
Analyzing top module <elephent>.
	doo = 32'sb00000000000000001011101001011101
	fa = 32'sb00000000000000001000101111101000
	la = 32'sb00000000000000000110111011111001
	mi = 32'sb00000000000000001001001111110110
	re = 32'sb00000000000000001010011000010101
	si = 32'sb00000000000000000110001011010111
	sol = 32'sb00000000000000000111110010001111
WARNING:Xst:905 - "elephent.v" line 92: One or more signals are missing in the sensitivity list of always block. To enable synthesis of FPGA/CPLD hardware, XST will assume that all necessary signals are present in the sensitivity list. Please note that the result of the synthesis may differ from the initial design specification. The missing signals are:
   <onoff>, <s_sol>, <s_mi>, <s_re>, <s_do>, <s_la>
Module <elephent> is correct for synthesis.
 

=========================================================================
*                           HDL Synthesis                               *
=========================================================================

Performing bidirectional port resolution...

Synthesizing Unit <elephent>.
    Related source file is "elephent.v".
WARNING:Xst:1780 - Signal <sclk> is never used or assigned. This unconnected signal will be trimmed during the optimization process.
WARNING:Xst:737 - Found 1-bit latch for signal <sp>. Latches may be generated from incomplete case or if statements. We do not recommend the use of latches in FPGA/CPLD designs, as they may lead to timing problems.
INFO:Xst:2371 - HDL ADVISOR - Logic functions respectively driving the data and gate enable inputs of this latch share common terms. This situation will potentially lead to setup/hold violations and, as a result, to simulation problems. This situation may come from an incomplete case statement (all selector values are not covered). You should carefully review if it was in your intentions to describe such a latch.
    Found 32-bit up counter for signal <cnt>.
    Found 32-bit down counter for signal <cnt1>.
    Found 32-bit down counter for signal <cnt2>.
    Found 32-bit down counter for signal <cnt3>.
    Found 32-bit down counter for signal <cnt4>.
    Found 32-bit down counter for signal <cnt5>.
    Found 32-bit down counter for signal <cnt6>.
    Found 32-bit down counter for signal <cnt7>.
    Found 1-bit register for signal <s_do>.
    Found 1-bit register for signal <s_fa>.
    Found 1-bit register for signal <s_la>.
    Found 1-bit register for signal <s_mi>.
    Found 1-bit register for signal <s_re>.
    Found 1-bit register for signal <s_si>.
    Found 1-bit register for signal <s_sol>.
    Found 7-bit up counter for signal <state>.
    Summary:
	inferred   9 Counter(s).
	inferred   7 D-type flip-flop(s).
Unit <elephent> synthesized.


=========================================================================
HDL Synthesis Report

Macro Statistics
# Counters                                             : 9
 32-bit down counter                                   : 7
 32-bit up counter                                     : 1
 7-bit up counter                                      : 1
# Registers                                            : 5
 1-bit register                                        : 5
# Latches                                              : 1
 1-bit latch                                           : 1

=========================================================================

=========================================================================
*                       Advanced HDL Synthesis                          *
=========================================================================


=========================================================================
Advanced HDL Synthesis Report

Macro Statistics
# Counters                                             : 7
 32-bit down counter                                   : 5
 32-bit up counter                                     : 1
 7-bit up counter                                      : 1
# Registers                                            : 5
 Flip-Flops                                            : 5
# Latches                                              : 1
 1-bit latch                                           : 1

=========================================================================

=========================================================================
*                         Low Level Synthesis                           *
=========================================================================

Optimizing unit <elephent> ...

Mapping all equations...
Building and optimizing final netlist ...
Found area constraint ratio of 100 (+ 5) on block elephent, actual ratio is 7.

Final Macro Processing ...

=========================================================================
Final Register Report

Macro Statistics
# Registers                                            : 204
 Flip-Flops                                            : 204

=========================================================================

=========================================================================
*                           Partition Report                            *
=========================================================================

Partition Implementation Status
-------------------------------

  No Partitions were found in this design.

-------------------------------

=========================================================================
*                            Final Report                               *
=========================================================================
Final Results
RTL Top Level Output File Name     : elephent.ngr
Top Level Output File Name         : elephent
Output Format                      : NGC
Optimization Goal                  : Speed
Keep Hierarchy                     : No

Design Statistics
# IOs                              : 3

Cell Usage :
# BELS                             : 719
#      GND                         : 1
#      INV                         : 163
#      LUT1                        : 36
#      LUT2                        : 4
#      LUT3                        : 6
#      LUT4                        : 74
#      MUXCY                       : 234
#      MUXF5                       : 8
#      VCC                         : 1
#      XORCY                       : 192
# FlipFlops/Latches                : 205
#      FDE                         : 5
#      FDR                         : 116
#      FDRE                        : 39
#      FDS                         : 44
#      LD                          : 1
# Clock Buffers                    : 1
#      BUFGP                       : 1
# IO Buffers                       : 2
#      IBUF                        : 1
#      OBUF                        : 1
=========================================================================

Device utilization summary:
---------------------------

Selected Device : 3s200tq144-4 

 Number of Slices:                      151  out of   1920     7%  
 Number of Slice Flip Flops:            204  out of   3840     5%  
 Number of 4 input LUTs:                283  out of   3840     7%  
 Number of IOs:                           3
 Number of bonded IOBs:                   3  out of     97     3%  
    IOB Flip Flops:                       1
 Number of GCLKs:                         1  out of      8    12%  

---------------------------
Partition Resource Summary:
---------------------------

  No Partitions were found in this design.

---------------------------


=========================================================================
TIMING REPORT

NOTE: THESE TIMING NUMBERS ARE ONLY A SYNTHESIS ESTIMATE.
      FOR ACCURATE TIMING INFORMATION PLEASE REFER TO THE TRACE REPORT
      GENERATED AFTER PLACE-and-ROUTE.

Clock Information:
------------------
-----------------------------------+------------------------+-------+
Clock Signal                       | Clock buffer(FF name)  | Load  |
-----------------------------------+------------------------+-------+
clk                                | BUFGP                  | 204   |
sp_not0001(sp_not0001195:O)        | NONE(*)(sp)            | 1     |
-----------------------------------+------------------------+-------+
(*) This 1 clock signal(s) are generated by combinatorial logic,
and XST is not able to identify which are the primary clock signals.
Please use the CLOCK_SIGNAL constraint to specify the clock signal(s) generated by combinatorial logic.
INFO:Xst:2169 - HDL ADVISOR - Some clock signals were not automatically buffered by XST with BUFG/BUFR resources. Please use the buffer_type constraint in order to insert these buffers to the clock signals to help prevent skew problems.

Asynchronous Control Signals Information:
----------------------------------------
No asynchronous control signals found in this design

Timing Summary:
---------------
Speed Grade: -4

   Minimum period: 8.360ns (Maximum Frequency: 119.616MHz)
   Minimum input arrival time before clock: 6.466ns
   Maximum output required time after clock: 7.078ns
   Maximum combinational path delay: No path found

Timing Detail:
--------------
All values displayed in nanoseconds (ns)

=========================================================================
Timing constraint: Default period analysis for Clock 'clk'
  Clock period: 8.360ns (frequency: 119.616MHz)
  Total number of paths / destination ports: 9729 / 408
-------------------------------------------------------------------------
Delay:               8.360ns (Levels of Logic = 10)
  Source:            cnt_8 (FF)
  Destination:       cnt_0 (FF)
  Source Clock:      clk rising
  Destination Clock: clk rising

  Data Path: cnt_8 to cnt_0
                                Gate     Net
    Cell:in->out      fanout   Delay   Delay  Logical Name (Net Name)
    ----------------------------------------  ------------
     FDRE:C->Q             2   0.720   1.216  cnt_8 (cnt_8)
     LUT4:I0->O            1   0.551   0.000  state_cmp_eq0000_wg_lut<0> (state_cmp_eq0000_wg_lut<0>)
     MUXCY:S->O            1   0.500   0.000  state_cmp_eq0000_wg_cy<0> (state_cmp_eq0000_wg_cy<0>)
     MUXCY:CI->O           1   0.064   0.000  state_cmp_eq0000_wg_cy<1> (state_cmp_eq0000_wg_cy<1>)
     MUXCY:CI->O           1   0.064   0.000  state_cmp_eq0000_wg_cy<2> (state_cmp_eq0000_wg_cy<2>)
     MUXCY:CI->O           1   0.064   0.000  state_cmp_eq0000_wg_cy<3> (state_cmp_eq0000_wg_cy<3>)
     MUXCY:CI->O           1   0.064   0.000  state_cmp_eq0000_wg_cy<4> (state_cmp_eq0000_wg_cy<4>)
     MUXCY:CI->O           1   0.064   0.000  state_cmp_eq0000_wg_cy<5> (state_cmp_eq0000_wg_cy<5>)
     MUXCY:CI->O           1   0.064   0.000  state_cmp_eq0000_wg_cy<6> (state_cmp_eq0000_wg_cy<6>)
     MUXCY:CI->O           8   0.281   1.278  state_cmp_eq0000_wg_cy<7> (state_cmp_eq0000)
     LUT2:I1->O           32   0.551   1.853  cnt_and00001 (cnt_and0000)
     FDRE:R                    1.026          cnt_0
    ----------------------------------------
    Total                      8.360ns (4.013ns logic, 4.347ns route)
                                       (48.0% logic, 52.0% route)

=========================================================================
Timing constraint: Default OFFSET IN BEFORE for Clock 'sp_not0001'
  Total number of paths / destination ports: 1 / 1
-------------------------------------------------------------------------
Offset:              3.646ns (Levels of Logic = 2)
  Source:            onoff (PAD)
  Destination:       sp (LATCH)
  Destination Clock: sp_not0001 falling

  Data Path: onoff to sp
                                Gate     Net
    Cell:in->out      fanout   Delay   Delay  Logical Name (Net Name)
    ----------------------------------------  ------------
     IBUF:I->O            36   0.821   2.071  onoff_IBUF (onoff_IBUF)
     LUT4:I1->O            1   0.551   0.000  sp_mux0000456 (sp_mux0000)
     LD:D                      0.203          sp
    ----------------------------------------
    Total                      3.646ns (1.575ns logic, 2.071ns route)
                                       (43.2% logic, 56.8% route)

=========================================================================
Timing constraint: Default OFFSET IN BEFORE for Clock 'clk'
  Total number of paths / destination ports: 71 / 71
-------------------------------------------------------------------------
Offset:              6.466ns (Levels of Logic = 2)
  Source:            onoff (PAD)
  Destination:       cnt_0 (FF)
  Destination Clock: clk rising

  Data Path: onoff to cnt_0
                                Gate     Net
    Cell:in->out      fanout   Delay   Delay  Logical Name (Net Name)
    ----------------------------------------  ------------
     IBUF:I->O            36   0.821   2.215  onoff_IBUF (onoff_IBUF)
     LUT2:I0->O           32   0.551   1.853  cnt_and00001 (cnt_and0000)
     FDRE:R                    1.026          cnt_0
    ----------------------------------------
    Total                      6.466ns (2.398ns logic, 4.068ns route)
                                       (37.1% logic, 62.9% route)

=========================================================================
Timing constraint: Default OFFSET OUT AFTER for Clock 'sp_not0001'
  Total number of paths / destination ports: 1 / 1
-------------------------------------------------------------------------
Offset:              7.078ns (Levels of Logic = 1)
  Source:            sp (LATCH)
  Destination:       o (PAD)
  Source Clock:      sp_not0001 falling

  Data Path: sp to o
                                Gate     Net
    Cell:in->out      fanout   Delay   Delay  Logical Name (Net Name)
    ----------------------------------------  ------------
     LD:G->Q               1   0.633   0.801  sp (sp)
     OBUF:I->O                 5.644          o_OBUF (o)
    ----------------------------------------
    Total                      7.078ns (6.277ns logic, 0.801ns route)
                                       (88.7% logic, 11.3% route)

=========================================================================


Total REAL time to Xst completion: 5.00 secs
Total CPU time to Xst completion: 4.83 secs
 
--> 

Total memory usage is 206892 kilobytes

Number of errors   :    0 (   0 filtered)
Number of warnings :    3 (   0 filtered)
Number of infos    :    2 (   0 filtered)

